<?xml version="1.0" encoding="UTF-8"?>
<!-- Generated by org.testng.reporters.JUnitReportReporter -->
<testsuite hostname="LAPTOP-OAM8GH05" failures="0" tests="4" name="api.test.UserTests" time="8.415" errors="0" timestamp="2023-09-12T16:29:13 IST" skipped="0">
  <testcase classname="api.test.UserTests" name="testPostUser" time="2.863"/>
  <testcase classname="api.test.UserTests" name="testGetUserByName" time="1.408"/>
  <testcase classname="api.test.UserTests" name="testUpdateUserByName" time="2.303"/>
  <testcase classname="api.test.UserTests" name="testDeleteUserByName" time="1.841"/>
</testsuite> <!-- api.test.UserTests -->
