<?xml version="1.0" encoding="UTF-8"?>
<!-- Generated by org.testng.reporters.JUnitReportReporter -->
<testsuite hostname="LAPTOP-OAM8GH05" failures="0" tests="6" name="api.test.DDTests" time="9.868" errors="0" timestamp="2023-09-12T13:52:24 IST" skipped="0">
  <testcase classname="api.test.DDTests" name="testPostuser" time="1.872"/>
  <testcase classname="api.test.DDTests" name="testPostuser" time="1.153"/>
  <testcase classname="api.test.DDTests" name="testPostuser" time="3.026"/>
  <testcase classname="api.test.DDTests" name="testDeleteUserByName" time="1.223"/>
  <testcase classname="api.test.DDTests" name="testDeleteUserByName" time="1.462"/>
  <testcase classname="api.test.DDTests" name="testDeleteUserByName" time="1.132"/>
</testsuite> <!-- api.test.DDTests -->
