<?xml version="1.0" encoding="UTF-8"?>
<!-- Generated by org.testng.reporters.JUnitReportReporter -->
<testsuite hostname="LAPTOP-OAM8GH05" failures="0" tests="4" name="api.test.UserTests2" time="11.848" errors="0" timestamp="2023-09-12T17:04:41 IST" skipped="0">
  <testcase classname="api.test.UserTests2" name="testPostUser" time="4.367"/>
  <testcase classname="api.test.UserTests2" name="testGetUserByName" time="2.661"/>
  <testcase classname="api.test.UserTests2" name="testUpdateUserByName" time="2.699"/>
  <testcase classname="api.test.UserTests2" name="testDeleteUserByName" time="2.121"/>
</testsuite> <!-- api.test.UserTests2 -->
